#
# There is insufficient memory for the Java Runtime Environment to continue.
# Native memory allocation (malloc) failed to allocate 1552496 bytes for Chunk::new
# Possible reasons:
#   The system is out of physical RAM or swap space
#   In 32 bit mode, the process size limit was hit
# Possible solutions:
#   Reduce memory load on the system
#   Increase physical memory or swap space
#   Check if swap backing store is full
#   Use 64 bit Java on a 64 bit OS
#   Decrease Java heap size (-Xmx/-Xms)
#   Decrease number of Java threads
#   Decrease Java thread stack sizes (-Xss)
#   Set larger code cache with -XX:ReservedCodeCacheSize=
# This output file may be truncated or incomplete.
#
#  Out of Memory Error (allocation.cpp:390), pid=3568, tid=0x0000000000002bec
#
# JRE version: Java(TM) SE Runtime Environment (8.0_181-b13) (build 1.8.0_181-b13)
# Java VM: Java HotSpot(TM) 64-Bit Server VM (25.181-b13 mixed mode windows-amd64 compressed oops)
# Failed to write core dump. Minidumps are not enabled by default on client versions of Windows
#

---------------  T H R E A D  ---------------

Current thread (0x0000000018958000):  JavaThread "C2 CompilerThread1" daemon [_thread_in_native, id=11244, stack(0x0000000019120000,0x0000000019220000)]

Stack: [0x0000000019120000,0x0000000019220000]
[error occurred during error reporting (printing stack bounds), id 0xc0000005]

Native frames: (J=compiled Java code, j=interpreted, Vv=VM code, C=native code)


Current CompileTask:
C2:51999624 37654 %     4       com.android.tools.r8.ir.optimize.CodeRewriter::shortenLiveRanges @ 47 (855 bytes)


---------------  P R O C E S S  ---------------

Java Threads: ( => current thread )
  0x000000001c83a000 JavaThread "ForkJoinPool.commonPool-worker-14" daemon [_thread_blocked, id=6984, stack(0x00000000718e0000,0x00000000719e0000)]
  0x000000001c834000 JavaThread "ForkJoinPool.commonPool-worker-10" daemon [_thread_in_native, id=11396, stack(0x00000000717e0000,0x00000000718e0000)]
  0x000000001c839000 JavaThread "ForkJoinPool.commonPool-worker-8" daemon [_thread_in_native, id=9580, stack(0x00000000716e0000,0x00000000717e0000)]
  0x000000001c83a800 JavaThread "ForkJoinPool.commonPool-worker-15" daemon [_thread_blocked, id=3420, stack(0x00000000715e0000,0x00000000716e0000)]
  0x000000001c837800 JavaThread "ForkJoinPool.commonPool-worker-13" daemon [_thread_in_native, id=2092, stack(0x00000000714e0000,0x00000000715e0000)]
  0x000000001c837000 JavaThread "ForkJoinPool.commonPool-worker-11" daemon [_thread_blocked, id=3360, stack(0x00000000713e0000,0x00000000714e0000)]
  0x000000001c832800 JavaThread "ForkJoinPool.commonPool-worker-12" daemon [_thread_in_native, id=8808, stack(0x00000000712e0000,0x00000000713e0000)]
  0x000000001c836000 JavaThread "ForkJoinPool.commonPool-worker-1" daemon [_thread_in_native, id=13080, stack(0x00000000711e0000,0x00000000712e0000)]
  0x000000001c833000 JavaThread "ForkJoinPool.commonPool-worker-0" daemon [_thread_in_native, id=11860, stack(0x00000000710e0000,0x00000000711e0000)]
  0x000000001c835800 JavaThread "ForkJoinPool.commonPool-worker-7" daemon [_thread_in_native, id=10244, stack(0x0000000070fe0000,0x00000000710e0000)]
  0x000000001c838800 JavaThread "ForkJoinPool.commonPool-worker-6" daemon [_thread_in_Java, id=11700, stack(0x0000000070ee0000,0x0000000070fe0000)]
  0x000000001e79d800 JavaThread "ForkJoinPool.commonPool-worker-5" daemon [_thread_in_Java, id=12048, stack(0x0000000070de0000,0x0000000070ee0000)]
  0x000000001a67f800 JavaThread "ForkJoinPool.commonPool-worker-4" daemon [_thread_in_native, id=7040, stack(0x0000000070ce0000,0x0000000070de0000)]
  0x000000001a67e800 JavaThread "ForkJoinPool.commonPool-worker-3" daemon [_thread_in_native, id=9008, stack(0x0000000070be0000,0x0000000070ce0000)]
  0x000000001a685000 JavaThread "ForkJoinPool.commonPool-worker-2" daemon [_thread_in_Java, id=6344, stack(0x0000000070ae0000,0x0000000070be0000)]
  0x000000001a684000 JavaThread "Cache worker for Java compile cache (F:\OneDrive\Documents\GitHub\Gakusapo\.gradle\4.4\javaCompile)" [_thread_blocked, id=6224, stack(0x00000000709e0000,0x0000000070ae0000)]
  0x000000001e793800 JavaThread "Task worker for ':' Thread 7" [_thread_blocked, id=1688, stack(0x000000006efe0000,0x000000006f0e0000)]
  0x000000001e791800 JavaThread "Task worker for ':' Thread 6" [_thread_blocked, id=5140, stack(0x000000006eee0000,0x000000006efe0000)]
  0x000000001e797800 JavaThread "Task worker for ':' Thread 5" [_thread_blocked, id=12724, stack(0x000000006ede0000,0x000000006eee0000)]
  0x000000001e479000 JavaThread "Task worker for ':' Thread 4" [_thread_blocked, id=7196, stack(0x000000006ece0000,0x000000006ede0000)]
  0x000000001e478000 JavaThread "Task worker for ':' Thread 3" [_thread_blocked, id=544, stack(0x000000006ebe0000,0x000000006ece0000)]
  0x000000001e477800 JavaThread "Task worker for ':' Thread 2" [_thread_blocked, id=12352, stack(0x000000006eae0000,0x000000006ebe0000)]
  0x000000001e476800 JavaThread "Task worker for ':'" [_thread_blocked, id=2612, stack(0x000000006e9e0000,0x000000006eae0000)]
  0x000000001e46b800 JavaThread "Cache worker for Build Output Cleanup Cache (F:\OneDrive\Documents\GitHub\Gakusapo\.gradle\buildOutputCleanup)" [_thread_blocked, id=13300, stack(0x000000006e8e0000,0x000000006e9e0000)]
  0x000000001e470000 JavaThread "Cache worker for task history cache (F:\OneDrive\Documents\GitHub\Gakusapo\.gradle\4.4\taskHistory)" [_thread_blocked, id=1500, stack(0x000000006e7e0000,0x000000006e8e0000)]
  0x000000001e470800 JavaThread "Cache worker for file content cache (F:\OneDrive\Documents\GitHub\Gakusapo\.gradle\4.4\fileContent)" [_thread_blocked, id=8960, stack(0x000000006e6e0000,0x000000006e7e0000)]
  0x000000001e471800 JavaThread "build operations Thread 8" [_thread_blocked, id=11348, stack(0x000000006e5e0000,0x000000006e6e0000)]
  0x000000001e46d800 JavaThread "build operations Thread 7" [_thread_blocked, id=7484, stack(0x000000006e4e0000,0x000000006e5e0000)]
  0x000000001e472000 JavaThread "build operations Thread 6" [_thread_blocked, id=12768, stack(0x000000006e3e0000,0x000000006e4e0000)]
  0x000000001fb9c000 JavaThread "build operations Thread 5" [_thread_blocked, id=11600, stack(0x000000006e2e0000,0x000000006e3e0000)]
  0x000000001fb9a800 JavaThread "build operations Thread 4" [_thread_blocked, id=7888, stack(0x000000006e1e0000,0x000000006e2e0000)]
  0x000000001fb99800 JavaThread "build operations Thread 3" [_thread_blocked, id=12820, stack(0x000000006e0e0000,0x000000006e1e0000)]
  0x000000001fb9d800 JavaThread "build operations Thread 2" [_thread_blocked, id=8028, stack(0x000000006dfe0000,0x000000006e0e0000)]
  0x000000001fb98000 JavaThread "build operations" [_thread_blocked, id=1268, stack(0x000000006dee0000,0x000000006dfe0000)]
  0x000000001fb92000 JavaThread "Cache worker for Artifact transforms cache (G:\.gradle\caches\transforms-1)" [_thread_blocked, id=10748, stack(0x000000006dde0000,0x000000006dee0000)]
  0x000000001fb97800 JavaThread "Cache worker for file hash cache (F:\OneDrive\Documents\GitHub\Gakusapo\.gradle\4.4\fileHashes)" [_thread_blocked, id=1316, stack(0x000000006dce0000,0x000000006dde0000)]
  0x000000001fb95000 JavaThread "Stdin handler" [_thread_blocked, id=5872, stack(0x000000006dbe0000,0x000000006dce0000)]
  0x000000001fb99000 JavaThread "Asynchronous log dispatcher for DefaultDaemonConnection: socket connection from /127.0.0.1:57094 to /127.0.0.1:55837" [_thread_blocked, id=6544, stack(0x000000006dae0000,0x000000006dbe0000)]
  0x000000001fb94800 JavaThread "Daemon worker Thread 101" [_thread_blocked, id=9260, stack(0x000000006d9e0000,0x000000006dae0000)]
  0x000000001fb8f000 JavaThread "Cancel handler" [_thread_blocked, id=3256, stack(0x000000006d8e0000,0x000000006d9e0000)]
  0x000000001fb93800 JavaThread "Handler for socket connection from /127.0.0.1:57094 to /127.0.0.1:55837" [_thread_in_native, id=2076, stack(0x000000006d7e0000,0x000000006d8e0000)]
  0x000000001fb90800 JavaThread "Daemon Thread 101" [_thread_blocked, id=13136, stack(0x000000006d6e0000,0x000000006d7e0000)]
  0x000000001e794800 JavaThread "Memory manager" [_thread_blocked, id=4468, stack(0x0000000022eb0000,0x0000000022fb0000)]
  0x000000001a682000 JavaThread "File lock request listener" [_thread_in_native, id=5348, stack(0x000000001bfd0000,0x000000001c0d0000)]
  0x000000001a681000 JavaThread "Cache worker for file hash cache (G:\.gradle\caches\4.4\fileHashes)" [_thread_blocked, id=12668, stack(0x000000001bed0000,0x000000001bfd0000)]
  0x0000000019e8e000 JavaThread "Daemon periodic checks" [_thread_blocked, id=12644, stack(0x000000001b2d0000,0x000000001b3d0000)]
  0x0000000019acb000 JavaThread "Incoming local TCP Connector on port 57094" [_thread_in_native, id=12944, stack(0x000000001b0f0000,0x000000001b1f0000)]
  0x0000000018b8e800 JavaThread "Daemon health stats" [_thread_blocked, id=11104, stack(0x000000001aff0000,0x000000001b0f0000)]
  0x0000000018a3d000 JavaThread "Service Thread" daemon [_thread_blocked, id=8768, stack(0x0000000019420000,0x0000000019520000)]
  0x00000000189b5000 JavaThread "C1 CompilerThread3" daemon [_thread_blocked, id=12728, stack(0x0000000019320000,0x0000000019420000)]
  0x00000000189a4000 JavaThread "C2 CompilerThread2" daemon [_thread_in_native, id=6712, stack(0x0000000019220000,0x0000000019320000)]
=>0x0000000018958000 JavaThread "C2 CompilerThread1" daemon [_thread_in_native, id=11244, stack(0x0000000019120000,0x0000000019220000)]
  0x0000000018955000 JavaThread "C2 CompilerThread0" daemon [_thread_in_native, id=9424, stack(0x0000000019020000,0x0000000019120000)]
  0x000000001894f000 JavaThread "Attach Listener" daemon [_thread_blocked, id=11436, stack(0x0000000018f20000,0x0000000019020000)]
  0x00000000189a3000 JavaThread "Signal Dispatcher" daemon [_thread_blocked, id=9816, stack(0x0000000018e20000,0x0000000018f20000)]
  0x0000000002c89000 JavaThread "Finalizer" daemon [_thread_blocked, id=8704, stack(0x0000000018d20000,0x0000000018e20000)]
  0x0000000002c88000 JavaThread "Reference Handler" daemon [_thread_blocked, id=1156, stack(0x0000000018820000,0x0000000018920000)]
  0x0000000002a8d800 JavaThread "main" [_thread_blocked, id=6044, stack(0x0000000002a90000,0x0000000002b90000)]

Other Threads:
  0x0000000016a49800 VMThread [stack: 0x0000000018720000,0x0000000018820000] [id=192]
  0x00000000189f9000 WatcherThread [stack: 0x0000000019520000,0x0000000019620000] [id=10764]

VM state:not at safepoint (normal execution)

VM Mutex/Monitor currently owned by a thread: None

Heap:
 PSYoungGen      total 391680K, used 354155K [0x00000000e0000000, 0x00000000fd180000, 0x0000000100000000)
  eden space 311296K, 99% used [0x00000000e0000000,0x00000000f2e70348,0x00000000f3000000)
  from space 80384K, 55% used [0x00000000f3000000,0x00000000f5b6a9a0,0x00000000f7e80000)
  to   space 78336K, 0% used [0x00000000f7e80000,0x00000000f7e80000,0x00000000fcb00000)
 ParOldGen       total 246272K, used 212467K [0x00000000a0000000, 0x00000000af080000, 0x00000000e0000000)
  object space 246272K, 86% used [0x00000000a0000000,0x00000000acf7cd38,0x00000000af080000)
 Metaspace       used 95745K, capacity 102104K, committed 102400K, reserved 1138688K
  class space    used 11823K, capacity 12933K, committed 13056K, reserved 1048576K

Card table byte_map: [0x0000000012050000,0x0000000012360000] byte_map_base: 0x0000000011b50000

Marking Bits: (ParMarkBitMap*) 0x0000000053872d00
 Begin Bits: [0x0000000012d60000, 0x0000000014560000)
 End Bits:   [0x0000000014560000, 0x0000000015d60000)

Polling page: 0x00000000008a0000

CodeCache: size=245760Kb used=101483Kb max_used=103625Kb free=144276Kb
 bounds [0x0000000002c90000, 0x00000000092c0000, 0x0000000011c90000]
 total_blobs=27956 nmethods=27081 adapters=783
 compilation: enabled

Compilation events (10 events):
Event: 51991.267 Thread 0x00000000189b5000 37845       2       com.android.tools.r8.ir.code.DebugLocalWrite::asDebugLocalWrite (2 bytes)
Event: 51991.268 Thread 0x00000000189b5000 nmethod 37845 0x0000000003a55c50 code [0x0000000003a55da0, 0x0000000003a55ef0]
Event: 51991.297 Thread 0x00000000189b5000 37846       2       com.android.tools.r8.ir.code.Add::foldIntegers (4 bytes)
Event: 51991.298 Thread 0x00000000189b5000 nmethod 37846 0x0000000003a55910 code [0x0000000003a55a60, 0x0000000003a55bb0]
Event: 51991.370 Thread 0x00000000189b5000 37848       3       com.android.tools.r8.org.objectweb.asm.ClassReader::readParameterAnnotations (140 bytes)
Event: 51991.371 Thread 0x00000000189b5000 nmethod 37848 0x0000000008f34710 code [0x0000000008f34900, 0x0000000008f35158]
Event: 51991.372 Thread 0x00000000189b5000 37849       2       com.android.tools.r8.org.objectweb.asm.tree.MethodNode::visitTableSwitchInsn (28 bytes)
Event: 51991.373 Thread 0x00000000189b5000 nmethod 37849 0x00000000036099d0 code [0x0000000003609b80, 0x000000000360a198]
Event: 51991.373 Thread 0x00000000189b5000 37850       2       com.android.tools.r8.org.objectweb.asm.tree.TableSwitchInsnNode::<init> (54 bytes)
Event: 51991.374 Thread 0x00000000189b5000 nmethod 37850 0x0000000004146250 code [0x00000000041463e0, 0x0000000004146758]

GC Heap History (10 events):
Event: 51988.485 GC heap before
{Heap before GC invocations=307 (full 6):
 PSYoungGen      total 298496K, used 271558K [0x00000000e0000000, 0x00000000f7700000, 0x0000000100000000)
  eden space 236544K, 100% used [0x00000000e0000000,0x00000000ee700000,0x00000000ee700000)
  from space 61952K, 56% used [0x00000000f3a80000,0x00000000f5cb1b98,0x00000000f7700000)
  to   space 73728K, 0% used [0x00000000ee700000,0x00000000ee700000,0x00000000f2f00000)
 ParOldGen       total 246272K, used 212275K [0x00000000a0000000, 0x00000000af080000, 0x00000000e0000000)
  object space 246272K, 86% used [0x00000000a0000000,0x00000000acf4cd38,0x00000000af080000)
 Metaspace       used 95647K, capacity 102024K, committed 102400K, reserved 1138688K
  class space    used 11820K, capacity 12931K, committed 13056K, reserved 1048576K
Event: 51988.513 GC heap after
Heap after GC invocations=307 (full 6):
 PSYoungGen      total 310272K, used 44009K [0x00000000e0000000, 0x00000000f9800000, 0x0000000100000000)
  eden space 236544K, 0% used [0x00000000e0000000,0x00000000e0000000,0x00000000ee700000)
  from space 73728K, 59% used [0x00000000ee700000,0x00000000f11fa730,0x00000000f2f00000)
  to   space 74240K, 0% used [0x00000000f4f80000,0x00000000f4f80000,0x00000000f9800000)
 ParOldGen       total 246272K, used 212299K [0x00000000a0000000, 0x00000000af080000, 0x00000000e0000000)
  object space 246272K, 86% used [0x00000000a0000000,0x00000000acf52d38,0x00000000af080000)
 Metaspace       used 95647K, capacity 102024K, committed 102400K, reserved 1138688K
  class space    used 11820K, capacity 12931K, committed 13056K, reserved 1048576K
}
Event: 51989.022 GC heap before
{Heap before GC invocations=308 (full 6):
 PSYoungGen      total 310272K, used 280553K [0x00000000e0000000, 0x00000000f9800000, 0x0000000100000000)
  eden space 236544K, 100% used [0x00000000e0000000,0x00000000ee700000,0x00000000ee700000)
  from space 73728K, 59% used [0x00000000ee700000,0x00000000f11fa730,0x00000000f2f00000)
  to   space 74240K, 0% used [0x00000000f4f80000,0x00000000f4f80000,0x00000000f9800000)
 ParOldGen       total 246272K, used 212299K [0x00000000a0000000, 0x00000000af080000, 0x00000000e0000000)
  object space 246272K, 86% used [0x00000000a0000000,0x00000000acf52d38,0x00000000af080000)
 Metaspace       used 95685K, capacity 102024K, committed 102400K, reserved 1138688K
  class space    used 11820K, capacity 12931K, committed 13056K, reserved 1048576K
Event: 51989.062 GC heap after
Heap after GC invocations=308 (full 6):
 PSYoungGen      total 340992K, used 50636K [0x00000000e0000000, 0x00000000fa380000, 0x0000000100000000)
  eden space 266752K, 0% used [0x00000000e0000000,0x00000000e0000000,0x00000000f0480000)
  from space 74240K, 68% used [0x00000000f4f80000,0x00000000f80f3378,0x00000000f9800000)
  to   space 76800K, 0% used [0x00000000f0480000,0x00000000f0480000,0x00000000f4f80000)
 ParOldGen       total 246272K, used 212323K [0x00000000a0000000, 0x00000000af080000, 0x00000000e0000000)
  object space 246272K, 86% used [0x00000000a0000000,0x00000000acf58d38,0x00000000af080000)
 Metaspace       used 95685K, capacity 102024K, committed 102400K, reserved 1138688K
  class space    used 11820K, capacity 12931K, committed 13056K, reserved 1048576K
}
Event: 51989.566 GC heap before
{Heap before GC invocations=309 (full 6):
 PSYoungGen      total 340992K, used 317388K [0x00000000e0000000, 0x00000000fa380000, 0x0000000100000000)
  eden space 266752K, 100% used [0x00000000e0000000,0x00000000f0480000,0x00000000f0480000)
  from space 74240K, 68% used [0x00000000f4f80000,0x00000000f80f3378,0x00000000f9800000)
  to   space 76800K, 0% used [0x00000000f0480000,0x00000000f0480000,0x00000000f4f80000)
 ParOldGen       total 246272K, used 212323K [0x00000000a0000000, 0x00000000af080000, 0x00000000e0000000)
  object space 246272K, 86% used [0x00000000a0000000,0x00000000acf58d38,0x00000000af080000)
 Metaspace       used 95697K, capacity 102032K, committed 102400K, reserved 1138688K
  class space    used 11820K, capacity 12931K, committed 13056K, reserved 1048576K
Event: 51989.599 GC heap after
Heap after GC invocations=309 (full 6):
 PSYoungGen      total 343552K, used 50061K [0x00000000e0000000, 0x00000000fcb00000, 0x0000000100000000)
  eden space 266752K, 0% used [0x00000000e0000000,0x00000000e0000000,0x00000000f0480000)
  from space 76800K, 65% used [0x00000000f0480000,0x00000000f3563600,0x00000000f4f80000)
  to   space 78336K, 0% used [0x00000000f7e80000,0x00000000f7e80000,0x00000000fcb00000)
 ParOldGen       total 246272K, used 212395K [0x00000000a0000000, 0x00000000af080000, 0x00000000e0000000)
  object space 246272K, 86% used [0x00000000a0000000,0x00000000acf6ad38,0x00000000af080000)
 Metaspace       used 95697K, capacity 102032K, committed 102400K, reserved 1138688K
  class space    used 11820K, capacity 12931K, committed 13056K, reserved 1048576K
}
Event: 51989.933 GC heap before
{Heap before GC invocations=310 (full 6):
 PSYoungGen      total 343552K, used 316813K [0x00000000e0000000, 0x00000000fcb00000, 0x0000000100000000)
  eden space 266752K, 100% used [0x00000000e0000000,0x00000000f0480000,0x00000000f0480000)
  from space 76800K, 65% used [0x00000000f0480000,0x00000000f3563600,0x00000000f4f80000)
  to   space 78336K, 0% used [0x00000000f7e80000,0x00000000f7e80000,0x00000000fcb00000)
 ParOldGen       total 246272K, used 212395K [0x00000000a0000000, 0x00000000af080000, 0x00000000e0000000)
  object space 246272K, 86% used [0x00000000a0000000,0x00000000acf6ad38,0x00000000af080000)
 Metaspace       used 95724K, capacity 102096K, committed 102400K, reserved 1138688K
  class space    used 11820K, capacity 12931K, committed 13056K, reserved 1048576K
Event: 51989.984 GC heap after
Heap after GC invocations=310 (full 6):
 PSYoungGen      total 389632K, used 53335K [0x00000000e0000000, 0x00000000fd180000, 0x0000000100000000)
  eden space 311296K, 0% used [0x00000000e0000000,0x00000000e0000000,0x00000000f3000000)
  from space 78336K, 68% used [0x00000000f7e80000,0x00000000fb295c08,0x00000000fcb00000)
  to   space 80384K, 0% used [0x00000000f3000000,0x00000000f3000000,0x00000000f7e80000)
 ParOldGen       total 246272K, used 212427K [0x00000000a0000000, 0x00000000af080000, 0x00000000e0000000)
  object space 246272K, 86% used [0x00000000a0000000,0x00000000acf72d38,0x00000000af080000)
 Metaspace       used 95724K, capacity 102096K, committed 102400K, reserved 1138688K
  class space    used 11820K, capacity 12931K, committed 13056K, reserved 1048576K
}
Event: 51990.591 GC heap before
{Heap before GC invocations=311 (full 6):
 PSYoungGen      total 389632K, used 364631K [0x00000000e0000000, 0x00000000fd180000, 0x0000000100000000)
  eden space 311296K, 100% used [0x00000000e0000000,0x00000000f3000000,0x00000000f3000000)
  from space 78336K, 68% used [0x00000000f7e80000,0x00000000fb295c08,0x00000000fcb00000)
  to   space 80384K, 0% used [0x00000000f3000000,0x00000000f3000000,0x00000000f7e80000)
 ParOldGen       total 246272K, used 212427K [0x00000000a0000000, 0x00000000af080000, 0x00000000e0000000)
  object space 246272K, 86% used [0x00000000a0000000,0x00000000acf72d38,0x00000000af080000)
 Metaspace       used 95731K, capacity 102096K, committed 102400K, reserved 1138688K
  class space    used 11821K, capacity 12931K, committed 13056K, reserved 1048576K
Event: 51990.624 GC heap after
Heap after GC invocations=311 (full 6):
 PSYoungGen      total 391680K, used 44458K [0x00000000e0000000, 0x00000000fd180000, 0x0000000100000000)
  eden space 311296K, 0% used [0x00000000e0000000,0x00000000e0000000,0x00000000f3000000)
  from space 80384K, 55% used [0x00000000f3000000,0x00000000f5b6a9a0,0x00000000f7e80000)
  to   space 78336K, 0% used [0x00000000f7e80000,0x00000000f7e80000,0x00000000fcb00000)
 ParOldGen       total 246272K, used 212467K [0x00000000a0000000, 0x00000000af080000, 0x00000000e0000000)
  object space 246272K, 86% used [0x00000000a0000000,0x00000000acf7cd38,0x00000000af080000)
 Metaspace       used 95731K, capacity 102096K, committed 102400K, reserved 1138688K
  class space    used 11821K, capacity 12931K, committed 13056K, reserved 1048576K
}

Deoptimization events (10 events):
Event: 51989.169 Thread 0x000000001c839000 Uncommon trap: reason=unstable_if action=reinterpret pc=0x00000000038870a4 method=com.android.tools.r8.ir.code.ValueType.isWide()Z @ 18
Event: 51989.169 Thread 0x000000001c839000 Uncommon trap: reason=unstable_if action=reinterpret pc=0x000000000510d820 method=com.android.tools.r8.ir.code.ValueType.isWide()Z @ 18
Event: 51989.169 Thread 0x000000001c839000 Uncommon trap: reason=unstable_if action=reinterpret pc=0x000000000431d11c method=com.android.tools.r8.ir.code.ValueType.isWide()Z @ 18
Event: 51989.447 Thread 0x000000001a685000 Uncommon trap: reason=unstable_if action=reinterpret pc=0x00000000043f2614 method=com.android.tools.r8.dex.DexOutputBuffer.ensureSpaceFor(I)V @ 8
Event: 51989.706 Thread 0x000000001c838800 Uncommon trap: reason=unstable_if action=reinterpret pc=0x0000000004de65f8 method=com.android.tools.r8.graph.DexAnnotationElement.equals(Ljava/lang/Object;)Z @ 30
Event: 51989.706 Thread 0x000000001c838800 Uncommon trap: reason=unstable_if action=reinterpret pc=0x0000000004dd86d0 method=com.android.tools.r8.graph.DexAnnotationElement.equals(Ljava/lang/Object;)Z @ 30
Event: 51990.006 Thread 0x000000001c836000 Uncommon trap: reason=class_check action=maybe_recompile pc=0x0000000007a0adcc method=com.android.tools.r8.ir.optimize.CodeRewriter.computeConstantArrayValues(Lcom/android/tools/r8/ir/code/NewArrayEmpty;Lcom/android/tools/r8/ir/code/BasicBlock;I)[Lcom/and
Event: 51990.083 Thread 0x000000001a67f800 Uncommon trap: reason=unstable_if action=reinterpret pc=0x000000000882dee4 method=com.android.tools.r8.ir.optimize.MoveEliminator.shouldBeEliminated(Lcom/android/tools/r8/ir/code/Instruction;)Z @ 155
Event: 51990.369 Thread 0x000000001c833000 Uncommon trap: reason=class_check action=maybe_recompile pc=0x0000000004d3a0c8 method=com.android.tools.r8.ir.code.Binop.rightValue()Lcom/android/tools/r8/ir/code/Value; @ 10
Event: 51990.895 Thread 0x000000001c838800 Uncommon trap: reason=unstable_if action=reinterpret pc=0x00000000076f222c method=com.android.tools.r8.ir.conversion.IRBuilder.readRegister(ILcom/android/tools/r8/ir/code/ValueType;)Lcom/android/tools/r8/ir/code/Value; @ 32

Classes redefined (0 events):
No events

Internal exceptions (10 events):
Event: 51991.396 Thread 0x000000001c833000 Exception <a 'sun/nio/fs/WindowsException'> (0x00000000f1a7f940) thrown at [C:\re\workspace\8-2-build-windows-amd64-cygwin\jdk8u181\11358\hotspot\src\share\vm\prims\jni.cpp, line 709]
Event: 51991.397 Thread 0x000000001c832800 Exception <a 'sun/nio/fs/WindowsException'> (0x00000000f0c55938) thrown at [C:\re\workspace\8-2-build-windows-amd64-cygwin\jdk8u181\11358\hotspot\src\share\vm\prims\jni.cpp, line 709]
Event: 51991.397 Thread 0x000000001c836000 Exception <a 'sun/nio/fs/WindowsException'> (0x00000000f221fa88) thrown at [C:\re\workspace\8-2-build-windows-amd64-cygwin\jdk8u181\11358\hotspot\src\share\vm\prims\jni.cpp, line 709]
Event: 51991.404 Thread 0x000000001e79d800 Exception <a 'sun/nio/fs/WindowsException'> (0x00000000f22fca20) thrown at [C:\re\workspace\8-2-build-windows-amd64-cygwin\jdk8u181\11358\hotspot\src\share\vm\prims\jni.cpp, line 709]
Event: 51991.410 Thread 0x000000001a67f800 Exception <a 'sun/nio/fs/WindowsException'> (0x00000000f2428fd8) thrown at [C:\re\workspace\8-2-build-windows-amd64-cygwin\jdk8u181\11358\hotspot\src\share\vm\prims\jni.cpp, line 709]
Event: 51991.415 Thread 0x000000001c839000 Exception <a 'sun/nio/fs/WindowsException'> (0x00000000f259faf0) thrown at [C:\re\workspace\8-2-build-windows-amd64-cygwin\jdk8u181\11358\hotspot\src\share\vm\prims\jni.cpp, line 709]
Event: 51991.417 Thread 0x000000001a67e800 Exception <a 'sun/nio/fs/WindowsException'> (0x00000000f0cf43e0) thrown at [C:\re\workspace\8-2-build-windows-amd64-cygwin\jdk8u181\11358\hotspot\src\share\vm\prims\jni.cpp, line 709]
Event: 51991.419 Thread 0x000000001a67f800 Exception <a 'sun/nio/fs/WindowsException'> (0x00000000f242dbd0) thrown at [C:\re\workspace\8-2-build-windows-amd64-cygwin\jdk8u181\11358\hotspot\src\share\vm\prims\jni.cpp, line 709]
Event: 51991.420 Thread 0x000000001c835800 Exception <a 'sun/nio/fs/WindowsException'> (0x00000000f191e030) thrown at [C:\re\workspace\8-2-build-windows-amd64-cygwin\jdk8u181\11358\hotspot\src\share\vm\prims\jni.cpp, line 709]
Event: 51991.424 Thread 0x000000001c832800 Exception <a 'sun/nio/fs/WindowsException'> (0x00000000f0c5aef0) thrown at [C:\re\workspace\8-2-build-windows-amd64-cygwin\jdk8u181\11358\hotspot\src\share\vm\prims\jni.cpp, line 709]

Events (10 events):
Event: 51991.147 Thread 0x000000001c832800 DEOPT PACKING pc=0x0000000002de6f01 sp=0x00000000713dee20
Event: 51991.147 Thread 0x000000001c832800 DEOPT UNPACKING pc=0x0000000002cd7890 sp=0x00000000713dec48 mode 0
Event: 51991.199 Executing VM operation: RevokeBias
Event: 51991.200 Executing VM operation: RevokeBias done
Event: 51991.240 Thread 0x000000001c839000 DEOPT PACKING pc=0x0000000003190427 sp=0x00000000717defd0
Event: 51991.240 Thread 0x000000001c839000 DEOPT UNPACKING pc=0x0000000002cd7890 sp=0x00000000717dede8 mode 0
Event: 51991.322 Thread 0x000000001e79d800 DEOPT PACKING pc=0x00000000082e1f5c sp=0x0000000070edef20
Event: 51991.322 Thread 0x000000001e79d800 DEOPT UNPACKING pc=0x0000000002cd7890 sp=0x0000000070eded50 mode 0
Event: 51991.358 Thread 0x000000001c836000 DEOPT PACKING pc=0x00000000062f8773 sp=0x00000000712ded70
Event: 51991.358 Thread 0x000000001c836000 DEOPT UNPACKING pc=0x0000000002cd7890 sp=0x00000000712deb58 mode 0


Dynamic libraries:
0x00007ff61a200000 - 0x00007ff61a237000 	C:\Program Files\Java\jdk1.8.0_181\bin\java.exe
0x00007ffd44020000 - 0x00007ffd44201000 	C:\WINDOWS\SYSTEM32\ntdll.dll
0x00007ffd41860000 - 0x00007ffd41911000 	C:\WINDOWS\System32\KERNEL32.DLL
0x00007ffd40750000 - 0x00007ffd409c3000 	C:\WINDOWS\System32\KERNELBASE.dll
0x00007ffd40fd0000 - 0x00007ffd41071000 	C:\WINDOWS\System32\ADVAPI32.dll
0x00007ffd43e80000 - 0x00007ffd43f1e000 	C:\WINDOWS\System32\msvcrt.dll
0x00007ffd42ea0000 - 0x00007ffd42efb000 	C:\WINDOWS\System32\sechost.dll
0x00007ffd42d60000 - 0x00007ffd42e84000 	C:\WINDOWS\System32\RPCRT4.dll
0x00007ffd42f00000 - 0x00007ffd43090000 	C:\WINDOWS\System32\USER32.dll
0x00007ffd406d0000 - 0x00007ffd406f0000 	C:\WINDOWS\System32\win32u.dll
0x00007ffd43b20000 - 0x00007ffd43b48000 	C:\WINDOWS\System32\GDI32.dll
0x00007ffd3fa90000 - 0x00007ffd3fc22000 	C:\WINDOWS\System32\gdi32full.dll
0x00007ffd3fc30000 - 0x00007ffd3fccf000 	C:\WINDOWS\System32\msvcp_win.dll
0x00007ffd3fcd0000 - 0x00007ffd3fdc8000 	C:\WINDOWS\System32\ucrtbase.dll
0x00007ffd2e080000 - 0x00007ffd2e2e9000 	C:\WINDOWS\WinSxS\amd64_microsoft.windows.common-controls_6595b64144ccf1df_6.0.17134.706_none_fb43a2cb30647007\COMCTL32.dll
0x00007ffd43b50000 - 0x00007ffd43e72000 	C:\WINDOWS\System32\combase.dll
0x00007ffd40a20000 - 0x00007ffd40a9a000 	C:\WINDOWS\System32\bcryptPrimitives.dll
0x00007ffd41690000 - 0x00007ffd416bd000 	C:\WINDOWS\System32\IMM32.DLL
0x0000000053900000 - 0x00000000539d2000 	C:\Program Files\Java\jdk1.8.0_181\jre\bin\msvcr100.dll
0x0000000053050000 - 0x00000000538f2000 	C:\Program Files\Java\jdk1.8.0_181\jre\bin\server\jvm.dll
0x00007ffd43210000 - 0x00007ffd43218000 	C:\WINDOWS\System32\PSAPI.DLL
0x00007ffd31440000 - 0x00007ffd31463000 	C:\WINDOWS\SYSTEM32\WINMM.dll
0x00007ffd37db0000 - 0x00007ffd37dba000 	C:\WINDOWS\SYSTEM32\VERSION.dll
0x00007ffd35500000 - 0x00007ffd35509000 	C:\WINDOWS\SYSTEM32\WSOCK32.dll
0x00007ffd43ab0000 - 0x00007ffd43b1c000 	C:\WINDOWS\System32\WS2_32.dll
0x00007ffd312f0000 - 0x00007ffd3131a000 	C:\WINDOWS\SYSTEM32\WINMMBASE.dll
0x00007ffd409d0000 - 0x00007ffd40a19000 	C:\WINDOWS\System32\cfgmgr32.dll
0x0000000053040000 - 0x000000005304f000 	C:\Program Files\Java\jdk1.8.0_181\jre\bin\verify.dll
0x0000000053010000 - 0x0000000053039000 	C:\Program Files\Java\jdk1.8.0_181\jre\bin\java.dll
0x0000000052ff0000 - 0x0000000053006000 	C:\Program Files\Java\jdk1.8.0_181\jre\bin\zip.dll
0x00007ffd41920000 - 0x00007ffd42d60000 	C:\WINDOWS\System32\SHELL32.dll
0x00007ffd41730000 - 0x00007ffd417d9000 	C:\WINDOWS\System32\shcore.dll
0x00007ffd3fdd0000 - 0x00007ffd404dd000 	C:\WINDOWS\System32\windows.storage.dll
0x00007ffd43a50000 - 0x00007ffd43aa1000 	C:\WINDOWS\System32\shlwapi.dll
0x00007ffd3fa40000 - 0x00007ffd3fa51000 	C:\WINDOWS\System32\kernel.appcore.dll
0x00007ffd3fa70000 - 0x00007ffd3fa8f000 	C:\WINDOWS\System32\profapi.dll
0x00007ffd3f9d0000 - 0x00007ffd3fa1c000 	C:\WINDOWS\System32\powrprof.dll
0x00007ffd3fa60000 - 0x00007ffd3fa6a000 	C:\WINDOWS\System32\FLTLIB.DLL
0x0000000052fd0000 - 0x0000000052fea000 	C:\Program Files\Java\jdk1.8.0_181\jre\bin\net.dll
0x00007ffd3f250000 - 0x00007ffd3f2b6000 	C:\WINDOWS\system32\mswsock.dll
0x0000000052fb0000 - 0x0000000052fc1000 	C:\Program Files\Java\jdk1.8.0_181\jre\bin\nio.dll
0x00007ffd26d00000 - 0x00007ffd26d1e000 	G:\.gradle\native\25\windows-amd64\native-platform.dll
0x0000000052fa0000 - 0x0000000052fad000 	C:\Program Files\Java\jdk1.8.0_181\jre\bin\management.dll
0x00007ffd3f400000 - 0x00007ffd3f417000 	C:\WINDOWS\SYSTEM32\CRYPTSP.dll
0x00007ffd3ee30000 - 0x00007ffd3ee63000 	C:\WINDOWS\system32\rsaenh.dll
0x00007ffd3f530000 - 0x00007ffd3f555000 	C:\WINDOWS\SYSTEM32\bcrypt.dll
0x00007ffd3f900000 - 0x00007ffd3f928000 	C:\WINDOWS\SYSTEM32\USERENV.dll
0x00007ffd3f420000 - 0x00007ffd3f42b000 	C:\WINDOWS\SYSTEM32\CRYPTBASE.dll
0x00007ffd3efd0000 - 0x00007ffd3f008000 	C:\WINDOWS\SYSTEM32\IPHLPAPI.DLL
0x00007ffd42e90000 - 0x00007ffd42e98000 	C:\WINDOWS\System32\NSI.dll
0x00007ffd39f50000 - 0x00007ffd39f66000 	C:\WINDOWS\SYSTEM32\dhcpcsvc6.DLL
0x00007ffd39ee0000 - 0x00007ffd39efa000 	C:\WINDOWS\SYSTEM32\dhcpcsvc.DLL
0x00007ffd3eac0000 - 0x00007ffd3eaf1000 	C:\WINDOWS\SYSTEM32\ntmarta.dll

VM Arguments:
jvm_args: -Xmx1536m -Dfile.encoding=windows-31j -Duser.country=JP -Duser.language=ja -Duser.variant 
java_command: org.gradle.launcher.daemon.bootstrap.GradleDaemon 4.4
java_class_path (initial): G:\.gradle\wrapper\dists\gradle-4.4-all\9br9xq1tocpiv8o6njlyu5op1\gradle-4.4\lib\gradle-launcher-4.4.jar
Launcher Type: SUN_STANDARD

Environment Variables:
JAVA_HOME=C:\Program Files\Java\jre1.8.0_181;C:\Program Files\Java\jdk1.8.0_181;C:\Program Files\Java\jdk-10.0.2;
PATH=C:\Program Files (x86)\NVIDIA Corporation\PhysX\Common;C:\Program Files (x86)\Common Files\Oracle\Java\javapath;C:\WINDOWS\system32;C:\WINDOWS;C:\WINDOWS\System32\Wbem;C:\WINDOWS\System32\WindowsPowerShell\v1.0\;C:\WINDOWS\System32\OpenSSH\;C:\Program Files\Git\cmd;C:\Program Files\Java\jdk-10.0.2\bin;C:\Program Files\Java\jdk1.8.0_181\bin;C:\Program Files (x86)\AOMEI Backupper;C:\Program Files\NVIDIA Corporation\NVIDIA NvDLISR;C:\Windows\Microsoft.NET\Framework\v4.0.30319;C:\Program Files (x86)\Brackets\command;C:\Program Files\Java\jdk-10.0.2;C:\Users\itsu\AppData\Local\Microsoft\WindowsApps;C:\Program Files\Java\jdk1.8.0_181\bin;C:\Windows\Microsoft.NET\Framework\v4.0.30319;
USERNAME=itsu
OS=Windows_NT
PROCESSOR_IDENTIFIER=Intel64 Family 6 Model 42 Stepping 7, GenuineIntel



---------------  S Y S T E M  ---------------

OS: Windows 10.0 , 64 bit Build 17134 (10.0.17134.706)

CPU:total 8 (initial active 8) (4 cores per cpu, 2 threads per core) family 6 model 42 stepping 7, cmov, cx8, fxsr, mmx, sse, sse2, sse3, ssse3, sse4.1, sse4.2, popcnt, avx, aes, clmul, ht, tsc, tscinvbit

Memory: 4k page, physical 12563684k(1763272k free), swap 12563684k(5224k free)

vm_info: Java HotSpot(TM) 64-Bit Server VM (25.181-b13) for windows-amd64 JRE (1.8.0_181-b13), built on Jul  7 2018 04:01:33 by "java_re" with MS VC++ 10.0 (VS2010)

time: Sun Apr 28 01:06:03 2019
elapsed time: 51991 seconds (0d 14h 26m 31s)

